

Version:	3.50
CmdLine:	C:\Users\Marti\Documents\GitHub\Prerelease-randomizer\randomizer.exe --l4j-debug
JNI:		No
WOW64:		Yes
Working dir:	C:\Users\Marti\Documents\GitHub\Prerelease-randomizer\.
Requires JDK:	No
Requires 64-Bit: No
Java min ver:	
Java max ver:	
Substitute:	JAVA_HOME = C:\Program Files\Java\jdk-20
Substitute:	PATH = C:\Program Files\Common Files\Oracle\Java\javapath;C:\Program Files (x86)\Intel\iCLS Client\;C:\Program Files\Intel\iCLS Client\;C:\Windows\System32;C:\Program Files\NVIDIA Corporation\NVIDIA NvDLISR;C:\Program Files (x86)\Intel\Intel(R) Management Engine Components\DAL;C:\Program Files\Intel\Intel(R) Management Engine Components\DAL;C:\Program Files (x86)\Intel\Intel(R) Management Engine Components\IPT;C:\Program Files\Intel\Intel(R) Management Engine Components\IPT;C:\Users\Marti\AppData\Local\Packages\PythonSoftwareFoundation.Python.3.9_qbz5n2kfra8p0\LocalCache\local-packages\Python39\Scripts;C:\Program Files\Git\git-cmd.exe;C:\Program Files\dotnet\;C:\Program Files\nodejs\;C:\ProgramData\chocolatey\bin;;C:\Program Files (x86)\Gpg4win\..\GnuPG\bin;C:\Users\Marti\AppData\Local\Programs\Python\Launcher\;C:\Users\Marti\AppData\Local\Microsoft\WindowsApps;C:\Users\Marti\AppData\Local\GitHubDesktop\bin;C:\Users\Marti\protoc-25.2-win64\bin;C:\Program Files\Java\jdk-20\bin;C:\Users\Marti\AppData\Local\Packages\PythonSoftwareFoundation.Python.3.9_qbz5n2kfra8p0\LocalCache\local-packages\Python39\Scripts;C:\Program Files\JetBrains\IntelliJ IDEA 2024.1.4\bin;;C:\Program Files\Java\jdk-22\bin;C:\Windows\System32\WindowsPowerShell\v1.0\;C:\Program Files\Maven\apache-maven-3.9.8\bin;C:\Program Files\nodejs;C:\Users\Marti\AppData\Local\Programs\Microsoft VS Code\bin;C:\texlive\2024\bin\windows;C:\Program Files\Java\jdk-20\bin
JRE paths:	C:\Program Files\Java\jdk-20;C:\Program Files\Common Files\Oracle\Java\javapath;C:\Program Files (x86)\Intel\iCLS Client\;C:\Program Files\Intel\iCLS Client\;C:\Windows\System32;C:\Program Files\NVIDIA Corporation\NVIDIA NvDLISR;C:\Program Files (x86)\Intel\Intel(R) Management Engine Components\DAL;C:\Program Files\Intel\Intel(R) Management Engine Components\DAL;C:\Program Files (x86)\Intel\Intel(R) Management Engine Components\IPT;C:\Program Files\Intel\Intel(R) Management Engine Components\IPT;C:\Users\Marti\AppData\Local\Packages\PythonSoftwareFoundation.Python.3.9_qbz5n2kfra8p0\LocalCache\local-packages\Python39\Scripts;C:\Program Files\Git\git-cmd.exe;C:\Program Files\dotnet\;C:\Program Files\nodejs\;C:\ProgramData\chocolatey\bin;;C:\Program Files (x86)\Gpg4win\..\GnuPG\bin;C:\Users\Marti\AppData\Local\Programs\Python\Launcher\;C:\Users\Marti\AppData\Local\Microsoft\WindowsApps;C:\Users\Marti\AppData\Local\GitHubDesktop\bin;C:\Users\Marti\protoc-25.2-win64\bin;C:\Program Files\Java\jdk-20\bin;C:\Users\Marti\AppData\Local\Packages\PythonSoftwareFoundation.Python.3.9_qbz5n2kfra8p0\LocalCache\local-packages\Python39\Scripts;C:\Program Files\JetBrains\IntelliJ IDEA 2024.1.4\bin;;C:\Program Files\Java\jdk-22\bin;C:\Windows\System32\WindowsPowerShell\v1.0\;C:\Program Files\Maven\apache-maven-3.9.8\bin;C:\Program Files\nodejs;C:\Users\Marti\AppData\Local\Programs\Microsoft VS Code\bin;C:\texlive\2024\bin\windows;C:\Program Files\Java\jdk-20\bin
Check launcher:	C:\Program Files\Java\jdk-20\bin\javaw.exe (OK)
Version string: 1.020.000_001 / 64-Bit (OK)
Launcher:	C:\Program Files\Java\jdk-20\bin\javaw.exe
Launcher args:	-jar "C:\Users\Marti\Documents\GitHub\Prerelease-randomizer\randomizer.exe"
Args length:	75/32768 chars
Exit code:	0


Version:	3.50
CmdLine:	C:\Users\Marti\Documents\GitHub\Prerelease-randomizer\randomizer.exe --l4j-debug
JNI:		No
WOW64:		Yes
Working dir:	C:\Users\Marti\Documents\GitHub\Prerelease-randomizer\.
Requires JDK:	No
Requires 64-Bit: No
Java min ver:	
Java max ver:	
Substitute:	JAVA_HOME = C:\Program Files\Java\jdk-20
Substitute:	PATH = C:\Program Files\Common Files\Oracle\Java\javapath;C:\Program Files (x86)\Intel\iCLS Client\;C:\Program Files\Intel\iCLS Client\;C:\Windows\System32;C:\Program Files\NVIDIA Corporation\NVIDIA NvDLISR;C:\Program Files (x86)\Intel\Intel(R) Management Engine Components\DAL;C:\Program Files\Intel\Intel(R) Management Engine Components\DAL;C:\Program Files (x86)\Intel\Intel(R) Management Engine Components\IPT;C:\Program Files\Intel\Intel(R) Management Engine Components\IPT;C:\Users\Marti\AppData\Local\Packages\PythonSoftwareFoundation.Python.3.9_qbz5n2kfra8p0\LocalCache\local-packages\Python39\Scripts;C:\Program Files\Git\git-cmd.exe;C:\Program Files\dotnet\;C:\Program Files\nodejs\;C:\ProgramData\chocolatey\bin;;C:\Program Files (x86)\Gpg4win\..\GnuPG\bin;C:\Users\Marti\AppData\Local\Programs\Python\Launcher\;C:\Users\Marti\AppData\Local\Microsoft\WindowsApps;C:\Users\Marti\AppData\Local\GitHubDesktop\bin;C:\Users\Marti\protoc-25.2-win64\bin;C:\Program Files\Java\jdk-20\bin;C:\Users\Marti\AppData\Local\Packages\PythonSoftwareFoundation.Python.3.9_qbz5n2kfra8p0\LocalCache\local-packages\Python39\Scripts;C:\Program Files\JetBrains\IntelliJ IDEA 2024.1.4\bin;;C:\Program Files\Java\jdk-22\bin;C:\Windows\System32\WindowsPowerShell\v1.0\;C:\Program Files\Maven\apache-maven-3.9.8\bin;C:\Program Files\nodejs;C:\Users\Marti\AppData\Local\Programs\Microsoft VS Code\bin;C:\texlive\2024\bin\windows;C:\Program Files\Java\jdk-20\bin
JRE paths:	C:\Program Files\Java\jdk-20;C:\Program Files\Common Files\Oracle\Java\javapath;C:\Program Files (x86)\Intel\iCLS Client\;C:\Program Files\Intel\iCLS Client\;C:\Windows\System32;C:\Program Files\NVIDIA Corporation\NVIDIA NvDLISR;C:\Program Files (x86)\Intel\Intel(R) Management Engine Components\DAL;C:\Program Files\Intel\Intel(R) Management Engine Components\DAL;C:\Program Files (x86)\Intel\Intel(R) Management Engine Components\IPT;C:\Program Files\Intel\Intel(R) Management Engine Components\IPT;C:\Users\Marti\AppData\Local\Packages\PythonSoftwareFoundation.Python.3.9_qbz5n2kfra8p0\LocalCache\local-packages\Python39\Scripts;C:\Program Files\Git\git-cmd.exe;C:\Program Files\dotnet\;C:\Program Files\nodejs\;C:\ProgramData\chocolatey\bin;;C:\Program Files (x86)\Gpg4win\..\GnuPG\bin;C:\Users\Marti\AppData\Local\Programs\Python\Launcher\;C:\Users\Marti\AppData\Local\Microsoft\WindowsApps;C:\Users\Marti\AppData\Local\GitHubDesktop\bin;C:\Users\Marti\protoc-25.2-win64\bin;C:\Program Files\Java\jdk-20\bin;C:\Users\Marti\AppData\Local\Packages\PythonSoftwareFoundation.Python.3.9_qbz5n2kfra8p0\LocalCache\local-packages\Python39\Scripts;C:\Program Files\JetBrains\IntelliJ IDEA 2024.1.4\bin;;C:\Program Files\Java\jdk-22\bin;C:\Windows\System32\WindowsPowerShell\v1.0\;C:\Program Files\Maven\apache-maven-3.9.8\bin;C:\Program Files\nodejs;C:\Users\Marti\AppData\Local\Programs\Microsoft VS Code\bin;C:\texlive\2024\bin\windows;C:\Program Files\Java\jdk-20\bin
Check launcher:	C:\Program Files\Java\jdk-20\bin\javaw.exe (OK)
Version string: 1.020.000_001 / 64-Bit (OK)
Launcher:	C:\Program Files\Java\jdk-20\bin\javaw.exe
Launcher args:	-jar "C:\Users\Marti\Documents\GitHub\Prerelease-randomizer\randomizer.exe"
Args length:	75/32768 chars
Exit code:	0


Version:	3.50
CmdLine:	C:\Users\Marti\Documents\GitHub\Prerelease-randomizer\randomizer.exe --l4j-debug
JNI:		No
WOW64:		Yes
Working dir:	C:\Users\Marti\Documents\GitHub\Prerelease-randomizer\.
Requires JDK:	No
Requires 64-Bit: No
Java min ver:	
Java max ver:	
Substitute:	JAVA_HOME = C:\Program Files\Java\jdk-20
Substitute:	PATH = C:\Program Files\Common Files\Oracle\Java\javapath;C:\Program Files (x86)\Intel\iCLS Client\;C:\Program Files\Intel\iCLS Client\;C:\Windows\System32;C:\Program Files\NVIDIA Corporation\NVIDIA NvDLISR;C:\Program Files (x86)\Intel\Intel(R) Management Engine Components\DAL;C:\Program Files\Intel\Intel(R) Management Engine Components\DAL;C:\Program Files (x86)\Intel\Intel(R) Management Engine Components\IPT;C:\Program Files\Intel\Intel(R) Management Engine Components\IPT;C:\Users\Marti\AppData\Local\Packages\PythonSoftwareFoundation.Python.3.9_qbz5n2kfra8p0\LocalCache\local-packages\Python39\Scripts;C:\Program Files\Git\git-cmd.exe;C:\Program Files\dotnet\;C:\Program Files\nodejs\;C:\ProgramData\chocolatey\bin;;C:\Program Files (x86)\Gpg4win\..\GnuPG\bin;C:\Users\Marti\AppData\Local\Programs\Python\Launcher\;C:\Users\Marti\AppData\Local\Microsoft\WindowsApps;C:\Users\Marti\AppData\Local\GitHubDesktop\bin;C:\Users\Marti\protoc-25.2-win64\bin;C:\Program Files\Java\jdk-20\bin;C:\Users\Marti\AppData\Local\Packages\PythonSoftwareFoundation.Python.3.9_qbz5n2kfra8p0\LocalCache\local-packages\Python39\Scripts;C:\Program Files\JetBrains\IntelliJ IDEA 2024.1.4\bin;;C:\Program Files\Java\jdk-22\bin;C:\Windows\System32\WindowsPowerShell\v1.0\;C:\Program Files\Maven\apache-maven-3.9.8\bin;C:\Program Files\nodejs;C:\Users\Marti\AppData\Local\Programs\Microsoft VS Code\bin;C:\texlive\2024\bin\windows;C:\Program Files\Java\jdk-20\bin
JRE paths:	C:\Program Files\Java\jdk-20;C:\Program Files\Common Files\Oracle\Java\javapath;C:\Program Files (x86)\Intel\iCLS Client\;C:\Program Files\Intel\iCLS Client\;C:\Windows\System32;C:\Program Files\NVIDIA Corporation\NVIDIA NvDLISR;C:\Program Files (x86)\Intel\Intel(R) Management Engine Components\DAL;C:\Program Files\Intel\Intel(R) Management Engine Components\DAL;C:\Program Files (x86)\Intel\Intel(R) Management Engine Components\IPT;C:\Program Files\Intel\Intel(R) Management Engine Components\IPT;C:\Users\Marti\AppData\Local\Packages\PythonSoftwareFoundation.Python.3.9_qbz5n2kfra8p0\LocalCache\local-packages\Python39\Scripts;C:\Program Files\Git\git-cmd.exe;C:\Program Files\dotnet\;C:\Program Files\nodejs\;C:\ProgramData\chocolatey\bin;;C:\Program Files (x86)\Gpg4win\..\GnuPG\bin;C:\Users\Marti\AppData\Local\Programs\Python\Launcher\;C:\Users\Marti\AppData\Local\Microsoft\WindowsApps;C:\Users\Marti\AppData\Local\GitHubDesktop\bin;C:\Users\Marti\protoc-25.2-win64\bin;C:\Program Files\Java\jdk-20\bin;C:\Users\Marti\AppData\Local\Packages\PythonSoftwareFoundation.Python.3.9_qbz5n2kfra8p0\LocalCache\local-packages\Python39\Scripts;C:\Program Files\JetBrains\IntelliJ IDEA 2024.1.4\bin;;C:\Program Files\Java\jdk-22\bin;C:\Windows\System32\WindowsPowerShell\v1.0\;C:\Program Files\Maven\apache-maven-3.9.8\bin;C:\Program Files\nodejs;C:\Users\Marti\AppData\Local\Programs\Microsoft VS Code\bin;C:\texlive\2024\bin\windows;C:\Program Files\Java\jdk-20\bin
Check launcher:	C:\Program Files\Java\jdk-20\bin\javaw.exe (OK)
Version string: 1.020.000_001 / 64-Bit (OK)
Launcher:	C:\Program Files\Java\jdk-20\bin\javaw.exe
Launcher args:	-jar "C:\Users\Marti\Documents\GitHub\Prerelease-randomizer\randomizer.exe"
Args length:	75/32768 chars
Exit code:	0


Version:	3.50
CmdLine:	C:\Users\Marti\Documents\GitHub\Prerelease-randomizer\randomizer.exe --l4j-debug
JNI:		No
WOW64:		Yes
Working dir:	C:\Users\Marti\Documents\GitHub\Prerelease-randomizer\.
Requires JDK:	No
Requires 64-Bit: No
Java min ver:	
Java max ver:	
Substitute:	JAVA_HOME = C:\Program Files\Java\jdk-20
Substitute:	PATH = C:\Program Files\Common Files\Oracle\Java\javapath;C:\Program Files (x86)\Intel\iCLS Client\;C:\Program Files\Intel\iCLS Client\;C:\Windows\System32;C:\Program Files\NVIDIA Corporation\NVIDIA NvDLISR;C:\Program Files (x86)\Intel\Intel(R) Management Engine Components\DAL;C:\Program Files\Intel\Intel(R) Management Engine Components\DAL;C:\Program Files (x86)\Intel\Intel(R) Management Engine Components\IPT;C:\Program Files\Intel\Intel(R) Management Engine Components\IPT;C:\Users\Marti\AppData\Local\Packages\PythonSoftwareFoundation.Python.3.9_qbz5n2kfra8p0\LocalCache\local-packages\Python39\Scripts;C:\Program Files\Git\git-cmd.exe;C:\Program Files\dotnet\;C:\Program Files\nodejs\;C:\ProgramData\chocolatey\bin;;C:\Program Files (x86)\Gpg4win\..\GnuPG\bin;C:\Users\Marti\AppData\Local\Programs\Python\Launcher\;C:\Users\Marti\AppData\Local\Microsoft\WindowsApps;C:\Users\Marti\AppData\Local\GitHubDesktop\bin;C:\Users\Marti\protoc-25.2-win64\bin;C:\Program Files\Java\jdk-20\bin;C:\Users\Marti\AppData\Local\Packages\PythonSoftwareFoundation.Python.3.9_qbz5n2kfra8p0\LocalCache\local-packages\Python39\Scripts;C:\Program Files\JetBrains\IntelliJ IDEA 2024.1.4\bin;;C:\Program Files\Java\jdk-22\bin;C:\Windows\System32\WindowsPowerShell\v1.0\;C:\Program Files\Maven\apache-maven-3.9.8\bin;C:\Program Files\nodejs;C:\Users\Marti\AppData\Local\Programs\Microsoft VS Code\bin;C:\texlive\2024\bin\windows;C:\Program Files\Java\jdk-20\bin
JRE paths:	C:\Program Files\Java\jdk-20;C:\Program Files\Common Files\Oracle\Java\javapath;C:\Program Files (x86)\Intel\iCLS Client\;C:\Program Files\Intel\iCLS Client\;C:\Windows\System32;C:\Program Files\NVIDIA Corporation\NVIDIA NvDLISR;C:\Program Files (x86)\Intel\Intel(R) Management Engine Components\DAL;C:\Program Files\Intel\Intel(R) Management Engine Components\DAL;C:\Program Files (x86)\Intel\Intel(R) Management Engine Components\IPT;C:\Program Files\Intel\Intel(R) Management Engine Components\IPT;C:\Users\Marti\AppData\Local\Packages\PythonSoftwareFoundation.Python.3.9_qbz5n2kfra8p0\LocalCache\local-packages\Python39\Scripts;C:\Program Files\Git\git-cmd.exe;C:\Program Files\dotnet\;C:\Program Files\nodejs\;C:\ProgramData\chocolatey\bin;;C:\Program Files (x86)\Gpg4win\..\GnuPG\bin;C:\Users\Marti\AppData\Local\Programs\Python\Launcher\;C:\Users\Marti\AppData\Local\Microsoft\WindowsApps;C:\Users\Marti\AppData\Local\GitHubDesktop\bin;C:\Users\Marti\protoc-25.2-win64\bin;C:\Program Files\Java\jdk-20\bin;C:\Users\Marti\AppData\Local\Packages\PythonSoftwareFoundation.Python.3.9_qbz5n2kfra8p0\LocalCache\local-packages\Python39\Scripts;C:\Program Files\JetBrains\IntelliJ IDEA 2024.1.4\bin;;C:\Program Files\Java\jdk-22\bin;C:\Windows\System32\WindowsPowerShell\v1.0\;C:\Program Files\Maven\apache-maven-3.9.8\bin;C:\Program Files\nodejs;C:\Users\Marti\AppData\Local\Programs\Microsoft VS Code\bin;C:\texlive\2024\bin\windows;C:\Program Files\Java\jdk-20\bin
Check launcher:	C:\Program Files\Java\jdk-20\bin\javaw.exe (OK)
Version string: 1.020.000_001 / 64-Bit (OK)
Launcher:	C:\Program Files\Java\jdk-20\bin\javaw.exe
Launcher args:	-jar "C:\Users\Marti\Documents\GitHub\Prerelease-randomizer\randomizer.exe"
Args length:	75/32768 chars
Exit code:	0


Version:	3.50
CmdLine:	C:\Users\Marti\Documents\GitHub\Prerelease-randomizer\randomizer.exe --l4j-debug
JNI:		No
WOW64:		Yes
Working dir:	C:\Users\Marti\Documents\GitHub\Prerelease-randomizer\.
Requires JDK:	No
Requires 64-Bit: No
Java min ver:	
Java max ver:	
Substitute:	JAVA_HOME = C:\Program Files\Java\jdk-20
Substitute:	PATH = C:\Program Files\Common Files\Oracle\Java\javapath;C:\Program Files (x86)\Intel\iCLS Client\;C:\Program Files\Intel\iCLS Client\;C:\Windows\System32;C:\Program Files\NVIDIA Corporation\NVIDIA NvDLISR;C:\Program Files (x86)\Intel\Intel(R) Management Engine Components\DAL;C:\Program Files\Intel\Intel(R) Management Engine Components\DAL;C:\Program Files (x86)\Intel\Intel(R) Management Engine Components\IPT;C:\Program Files\Intel\Intel(R) Management Engine Components\IPT;C:\Users\Marti\AppData\Local\Packages\PythonSoftwareFoundation.Python.3.9_qbz5n2kfra8p0\LocalCache\local-packages\Python39\Scripts;C:\Program Files\Git\git-cmd.exe;C:\Program Files\dotnet\;C:\Program Files\nodejs\;C:\ProgramData\chocolatey\bin;;C:\Program Files (x86)\Gpg4win\..\GnuPG\bin;C:\Users\Marti\AppData\Local\Programs\Python\Launcher\;C:\Users\Marti\AppData\Local\Microsoft\WindowsApps;C:\Users\Marti\AppData\Local\GitHubDesktop\bin;C:\Users\Marti\protoc-25.2-win64\bin;C:\Program Files\Java\jdk-20\bin;C:\Users\Marti\AppData\Local\Packages\PythonSoftwareFoundation.Python.3.9_qbz5n2kfra8p0\LocalCache\local-packages\Python39\Scripts;C:\Program Files\JetBrains\IntelliJ IDEA 2024.1.4\bin;;C:\Program Files\Java\jdk-22\bin;C:\Windows\System32\WindowsPowerShell\v1.0\;C:\Program Files\Maven\apache-maven-3.9.8\bin;C:\Program Files\nodejs;C:\Users\Marti\AppData\Local\Programs\Microsoft VS Code\bin;C:\texlive\2024\bin\windows;C:\Program Files\Java\jdk-20\bin
JRE paths:	C:\Program Files\Java\jdk-20;C:\Program Files\Common Files\Oracle\Java\javapath;C:\Program Files (x86)\Intel\iCLS Client\;C:\Program Files\Intel\iCLS Client\;C:\Windows\System32;C:\Program Files\NVIDIA Corporation\NVIDIA NvDLISR;C:\Program Files (x86)\Intel\Intel(R) Management Engine Components\DAL;C:\Program Files\Intel\Intel(R) Management Engine Components\DAL;C:\Program Files (x86)\Intel\Intel(R) Management Engine Components\IPT;C:\Program Files\Intel\Intel(R) Management Engine Components\IPT;C:\Users\Marti\AppData\Local\Packages\PythonSoftwareFoundation.Python.3.9_qbz5n2kfra8p0\LocalCache\local-packages\Python39\Scripts;C:\Program Files\Git\git-cmd.exe;C:\Program Files\dotnet\;C:\Program Files\nodejs\;C:\ProgramData\chocolatey\bin;;C:\Program Files (x86)\Gpg4win\..\GnuPG\bin;C:\Users\Marti\AppData\Local\Programs\Python\Launcher\;C:\Users\Marti\AppData\Local\Microsoft\WindowsApps;C:\Users\Marti\AppData\Local\GitHubDesktop\bin;C:\Users\Marti\protoc-25.2-win64\bin;C:\Program Files\Java\jdk-20\bin;C:\Users\Marti\AppData\Local\Packages\PythonSoftwareFoundation.Python.3.9_qbz5n2kfra8p0\LocalCache\local-packages\Python39\Scripts;C:\Program Files\JetBrains\IntelliJ IDEA 2024.1.4\bin;;C:\Program Files\Java\jdk-22\bin;C:\Windows\System32\WindowsPowerShell\v1.0\;C:\Program Files\Maven\apache-maven-3.9.8\bin;C:\Program Files\nodejs;C:\Users\Marti\AppData\Local\Programs\Microsoft VS Code\bin;C:\texlive\2024\bin\windows;C:\Program Files\Java\jdk-20\bin
Check launcher:	C:\Program Files\Java\jdk-20\bin\javaw.exe (OK)
Version string: 1.020.000_001 / 64-Bit (OK)
Launcher:	C:\Program Files\Java\jdk-20\bin\javaw.exe
Launcher args:	-jar "C:\Users\Marti\Documents\GitHub\Prerelease-randomizer\randomizer.exe"
Args length:	75/32768 chars
Exit code:	0


Version:	3.50
CmdLine:	C:\Users\Marti\Documents\GitHub\Prerelease-randomizer\randomizer.exe --l4j-debug
JNI:		No
WOW64:		Yes
Working dir:	C:\Users\Marti\Documents\GitHub\Prerelease-randomizer\.
Requires JDK:	No
Requires 64-Bit: No
Java min ver:	
Java max ver:	
Substitute:	JAVA_HOME = C:\Program Files\Java\jdk-20
Substitute:	PATH = C:\Program Files\Common Files\Oracle\Java\javapath;C:\Program Files (x86)\Intel\iCLS Client\;C:\Program Files\Intel\iCLS Client\;C:\Windows\System32;C:\Program Files\NVIDIA Corporation\NVIDIA NvDLISR;C:\Program Files (x86)\Intel\Intel(R) Management Engine Components\DAL;C:\Program Files\Intel\Intel(R) Management Engine Components\DAL;C:\Program Files (x86)\Intel\Intel(R) Management Engine Components\IPT;C:\Program Files\Intel\Intel(R) Management Engine Components\IPT;C:\Users\Marti\AppData\Local\Packages\PythonSoftwareFoundation.Python.3.9_qbz5n2kfra8p0\LocalCache\local-packages\Python39\Scripts;C:\Program Files\Git\git-cmd.exe;C:\Program Files\dotnet\;C:\Program Files\nodejs\;C:\ProgramData\chocolatey\bin;;C:\Program Files (x86)\Gpg4win\..\GnuPG\bin;C:\Users\Marti\AppData\Local\Programs\Python\Launcher\;C:\Users\Marti\AppData\Local\Microsoft\WindowsApps;C:\Users\Marti\AppData\Local\GitHubDesktop\bin;C:\Users\Marti\protoc-25.2-win64\bin;C:\Program Files\Java\jdk-20\bin;C:\Users\Marti\AppData\Local\Packages\PythonSoftwareFoundation.Python.3.9_qbz5n2kfra8p0\LocalCache\local-packages\Python39\Scripts;C:\Program Files\JetBrains\IntelliJ IDEA 2024.1.4\bin;;C:\Program Files\Java\jdk-22\bin;C:\Windows\System32\WindowsPowerShell\v1.0\;C:\Program Files\Maven\apache-maven-3.9.8\bin;C:\Program Files\nodejs;C:\Users\Marti\AppData\Local\Programs\Microsoft VS Code\bin;C:\texlive\2024\bin\windows;C:\Program Files\Java\jdk-20\bin
JRE paths:	C:\Program Files\Java\jdk-20;C:\Program Files\Common Files\Oracle\Java\javapath;C:\Program Files (x86)\Intel\iCLS Client\;C:\Program Files\Intel\iCLS Client\;C:\Windows\System32;C:\Program Files\NVIDIA Corporation\NVIDIA NvDLISR;C:\Program Files (x86)\Intel\Intel(R) Management Engine Components\DAL;C:\Program Files\Intel\Intel(R) Management Engine Components\DAL;C:\Program Files (x86)\Intel\Intel(R) Management Engine Components\IPT;C:\Program Files\Intel\Intel(R) Management Engine Components\IPT;C:\Users\Marti\AppData\Local\Packages\PythonSoftwareFoundation.Python.3.9_qbz5n2kfra8p0\LocalCache\local-packages\Python39\Scripts;C:\Program Files\Git\git-cmd.exe;C:\Program Files\dotnet\;C:\Program Files\nodejs\;C:\ProgramData\chocolatey\bin;;C:\Program Files (x86)\Gpg4win\..\GnuPG\bin;C:\Users\Marti\AppData\Local\Programs\Python\Launcher\;C:\Users\Marti\AppData\Local\Microsoft\WindowsApps;C:\Users\Marti\AppData\Local\GitHubDesktop\bin;C:\Users\Marti\protoc-25.2-win64\bin;C:\Program Files\Java\jdk-20\bin;C:\Users\Marti\AppData\Local\Packages\PythonSoftwareFoundation.Python.3.9_qbz5n2kfra8p0\LocalCache\local-packages\Python39\Scripts;C:\Program Files\JetBrains\IntelliJ IDEA 2024.1.4\bin;;C:\Program Files\Java\jdk-22\bin;C:\Windows\System32\WindowsPowerShell\v1.0\;C:\Program Files\Maven\apache-maven-3.9.8\bin;C:\Program Files\nodejs;C:\Users\Marti\AppData\Local\Programs\Microsoft VS Code\bin;C:\texlive\2024\bin\windows;C:\Program Files\Java\jdk-20\bin
Check launcher:	C:\Program Files\Java\jdk-20\bin\javaw.exe (OK)
Version string: 1.020.000_001 / 64-Bit (OK)
Launcher:	C:\Program Files\Java\jdk-20\bin\javaw.exe
Launcher args:	-jar "C:\Users\Marti\Documents\GitHub\Prerelease-randomizer\randomizer.exe"
Args length:	75/32768 chars
Exit code:	0


Version:	3.50
CmdLine:	C:\Users\Marti\Documents\GitHub\Prerelease-randomizer\randomizer.exe --l4j-debug
JNI:		No
WOW64:		Yes
Working dir:	C:\Users\Marti\Documents\GitHub\Prerelease-randomizer\.
Requires JDK:	No
Requires 64-Bit: No
Java min ver:	
Java max ver:	
Substitute:	JAVA_HOME = C:\Program Files\Java\jdk-20
Substitute:	PATH = C:\Program Files\Common Files\Oracle\Java\javapath;C:\Program Files (x86)\Intel\iCLS Client\;C:\Program Files\Intel\iCLS Client\;C:\Windows\System32;C:\Program Files\NVIDIA Corporation\NVIDIA NvDLISR;C:\Program Files (x86)\Intel\Intel(R) Management Engine Components\DAL;C:\Program Files\Intel\Intel(R) Management Engine Components\DAL;C:\Program Files (x86)\Intel\Intel(R) Management Engine Components\IPT;C:\Program Files\Intel\Intel(R) Management Engine Components\IPT;C:\Users\Marti\AppData\Local\Packages\PythonSoftwareFoundation.Python.3.9_qbz5n2kfra8p0\LocalCache\local-packages\Python39\Scripts;C:\Program Files\Git\git-cmd.exe;C:\Program Files\dotnet\;C:\Program Files\nodejs\;C:\ProgramData\chocolatey\bin;;C:\Program Files (x86)\Gpg4win\..\GnuPG\bin;C:\Users\Marti\AppData\Local\Programs\Python\Launcher\;C:\Users\Marti\AppData\Local\Microsoft\WindowsApps;C:\Users\Marti\AppData\Local\GitHubDesktop\bin;C:\Users\Marti\protoc-25.2-win64\bin;C:\Program Files\Java\jdk-20\bin;C:\Users\Marti\AppData\Local\Packages\PythonSoftwareFoundation.Python.3.9_qbz5n2kfra8p0\LocalCache\local-packages\Python39\Scripts;C:\Program Files\JetBrains\IntelliJ IDEA 2024.1.4\bin;;C:\Program Files\Java\jdk-22\bin;C:\Windows\System32\WindowsPowerShell\v1.0\;C:\Program Files\Maven\apache-maven-3.9.8\bin;C:\Program Files\nodejs;C:\Users\Marti\AppData\Local\Programs\Microsoft VS Code\bin;C:\texlive\2024\bin\windows;C:\Program Files\Java\jdk-20\bin
JRE paths:	C:\Program Files\Java\jdk-20;C:\Program Files\Common Files\Oracle\Java\javapath;C:\Program Files (x86)\Intel\iCLS Client\;C:\Program Files\Intel\iCLS Client\;C:\Windows\System32;C:\Program Files\NVIDIA Corporation\NVIDIA NvDLISR;C:\Program Files (x86)\Intel\Intel(R) Management Engine Components\DAL;C:\Program Files\Intel\Intel(R) Management Engine Components\DAL;C:\Program Files (x86)\Intel\Intel(R) Management Engine Components\IPT;C:\Program Files\Intel\Intel(R) Management Engine Components\IPT;C:\Users\Marti\AppData\Local\Packages\PythonSoftwareFoundation.Python.3.9_qbz5n2kfra8p0\LocalCache\local-packages\Python39\Scripts;C:\Program Files\Git\git-cmd.exe;C:\Program Files\dotnet\;C:\Program Files\nodejs\;C:\ProgramData\chocolatey\bin;;C:\Program Files (x86)\Gpg4win\..\GnuPG\bin;C:\Users\Marti\AppData\Local\Programs\Python\Launcher\;C:\Users\Marti\AppData\Local\Microsoft\WindowsApps;C:\Users\Marti\AppData\Local\GitHubDesktop\bin;C:\Users\Marti\protoc-25.2-win64\bin;C:\Program Files\Java\jdk-20\bin;C:\Users\Marti\AppData\Local\Packages\PythonSoftwareFoundation.Python.3.9_qbz5n2kfra8p0\LocalCache\local-packages\Python39\Scripts;C:\Program Files\JetBrains\IntelliJ IDEA 2024.1.4\bin;;C:\Program Files\Java\jdk-22\bin;C:\Windows\System32\WindowsPowerShell\v1.0\;C:\Program Files\Maven\apache-maven-3.9.8\bin;C:\Program Files\nodejs;C:\Users\Marti\AppData\Local\Programs\Microsoft VS Code\bin;C:\texlive\2024\bin\windows;C:\Program Files\Java\jdk-20\bin
Check launcher:	C:\Program Files\Java\jdk-20\bin\javaw.exe (OK)
Version string: 1.020.000_001 / 64-Bit (OK)
Launcher:	C:\Program Files\Java\jdk-20\bin\javaw.exe
Launcher args:	-jar "C:\Users\Marti\Documents\GitHub\Prerelease-randomizer\randomizer.exe"
Args length:	75/32768 chars
Exit code:	0


Version:	3.50
CmdLine:	C:\Users\Marti\Documents\GitHub\Prerelease-randomizer\randomizer.exe --l4j-debug
JNI:		No
WOW64:		Yes
Working dir:	C:\Users\Marti\Documents\GitHub\Prerelease-randomizer\.
Requires JDK:	No
Requires 64-Bit: No
Java min ver:	
Java max ver:	
Substitute:	JAVA_HOME = C:\Program Files\Java\jdk-20
Substitute:	PATH = C:\Program Files\Common Files\Oracle\Java\javapath;C:\Program Files (x86)\Intel\iCLS Client\;C:\Program Files\Intel\iCLS Client\;C:\Windows\System32;C:\Program Files\NVIDIA Corporation\NVIDIA NvDLISR;C:\Program Files (x86)\Intel\Intel(R) Management Engine Components\DAL;C:\Program Files\Intel\Intel(R) Management Engine Components\DAL;C:\Program Files (x86)\Intel\Intel(R) Management Engine Components\IPT;C:\Program Files\Intel\Intel(R) Management Engine Components\IPT;C:\Users\Marti\AppData\Local\Packages\PythonSoftwareFoundation.Python.3.9_qbz5n2kfra8p0\LocalCache\local-packages\Python39\Scripts;C:\Program Files\Git\git-cmd.exe;C:\Program Files\dotnet\;C:\Program Files\nodejs\;C:\ProgramData\chocolatey\bin;;C:\Program Files (x86)\Gpg4win\..\GnuPG\bin;C:\Users\Marti\AppData\Local\Programs\Python\Launcher\;C:\Users\Marti\AppData\Local\Microsoft\WindowsApps;C:\Users\Marti\AppData\Local\GitHubDesktop\bin;C:\Users\Marti\protoc-25.2-win64\bin;C:\Program Files\Java\jdk-20\bin;C:\Users\Marti\AppData\Local\Packages\PythonSoftwareFoundation.Python.3.9_qbz5n2kfra8p0\LocalCache\local-packages\Python39\Scripts;C:\Program Files\JetBrains\IntelliJ IDEA 2024.1.4\bin;;C:\Program Files\Java\jdk-22\bin;C:\Windows\System32\WindowsPowerShell\v1.0\;C:\Program Files\Maven\apache-maven-3.9.8\bin;C:\Program Files\nodejs;C:\Users\Marti\AppData\Local\Programs\Microsoft VS Code\bin;C:\texlive\2024\bin\windows;C:\Program Files\Java\jdk-20\bin
JRE paths:	C:\Program Files\Java\jdk-20;C:\Program Files\Common Files\Oracle\Java\javapath;C:\Program Files (x86)\Intel\iCLS Client\;C:\Program Files\Intel\iCLS Client\;C:\Windows\System32;C:\Program Files\NVIDIA Corporation\NVIDIA NvDLISR;C:\Program Files (x86)\Intel\Intel(R) Management Engine Components\DAL;C:\Program Files\Intel\Intel(R) Management Engine Components\DAL;C:\Program Files (x86)\Intel\Intel(R) Management Engine Components\IPT;C:\Program Files\Intel\Intel(R) Management Engine Components\IPT;C:\Users\Marti\AppData\Local\Packages\PythonSoftwareFoundation.Python.3.9_qbz5n2kfra8p0\LocalCache\local-packages\Python39\Scripts;C:\Program Files\Git\git-cmd.exe;C:\Program Files\dotnet\;C:\Program Files\nodejs\;C:\ProgramData\chocolatey\bin;;C:\Program Files (x86)\Gpg4win\..\GnuPG\bin;C:\Users\Marti\AppData\Local\Programs\Python\Launcher\;C:\Users\Marti\AppData\Local\Microsoft\WindowsApps;C:\Users\Marti\AppData\Local\GitHubDesktop\bin;C:\Users\Marti\protoc-25.2-win64\bin;C:\Program Files\Java\jdk-20\bin;C:\Users\Marti\AppData\Local\Packages\PythonSoftwareFoundation.Python.3.9_qbz5n2kfra8p0\LocalCache\local-packages\Python39\Scripts;C:\Program Files\JetBrains\IntelliJ IDEA 2024.1.4\bin;;C:\Program Files\Java\jdk-22\bin;C:\Windows\System32\WindowsPowerShell\v1.0\;C:\Program Files\Maven\apache-maven-3.9.8\bin;C:\Program Files\nodejs;C:\Users\Marti\AppData\Local\Programs\Microsoft VS Code\bin;C:\texlive\2024\bin\windows;C:\Program Files\Java\jdk-20\bin
Check launcher:	C:\Program Files\Java\jdk-20\bin\javaw.exe (OK)
Version string: 1.020.000_001 / 64-Bit (OK)
Launcher:	C:\Program Files\Java\jdk-20\bin\javaw.exe
Launcher args:	-jar "C:\Users\Marti\Documents\GitHub\Prerelease-randomizer\randomizer.exe"
Args length:	75/32768 chars
Exit code:	0
